-------------------------------------------------------------------------------
Test set: com.xiaomaolv.XiaomaolvApplicationTests
-------------------------------------------------------------------------------
Tests run: 1, Failures: 0, Errors: 1, Skipped: 0, Time elapsed: 5.24 s <<< FAILURE! - in com.xiaomaolv.XiaomaolvApplicationTests
contextLoads  Time elapsed: 0.003 s  <<< ERROR!
java.lang.IllegalStateException: Failed to load ApplicationContext
Caused by: java.lang.IllegalStateException: Error processing condition on org.springframework.boot.autoconfigure.web.servlet.WebMvcAutoConfiguration$WebMvcAutoConfigurationAdapter.defaultViewResolver
Caused by: java.lang.IllegalStateException: Failed to introspect Class [org.springframework.web.servlet.config.annotation.WebMvcConfigurationSupport] from ClassLoader [jdk.internal.loader.ClassLoaders$AppClassLoader@1b701da1]
Caused by: java.lang.NoClassDefFoundError: org/springframework/web/util/pattern/PathPatternParser
Caused by: java.lang.ClassNotFoundException: org.springframework.web.util.pattern.PathPatternParser

